生成启动时间为 2018/3/27 14:55:34。
     1>项目“D:\My\NiceServer\Server\curl-7.53.1\projects\Windows\VC10\lib\libcurl.vcxproj”在节点 3 上(build 个目标)。
     1>InitializeBuildStatus:
         正在创建“..\..\..\..\build\Win64\VC10\LIB Debug\lib\libcurl.unsuccessfulbuild”，因为已指定“AlwaysCreate”。
       ClCompile:
         C:\Program Files (x86)\Microsoft Visual Studio 10.0\VC\bin\x86_amd64\CL.exe /c /I..\..\..\..\include /I..\..\..\..\lib /Zi /nologo /W4 /WX- /Od /D _DEBUG /D BUILDING_LIBCURL /D DEBUGBUILD /D CURL_STATICLIB /D _MBCS /Gm /EHsc /RTC1 /MDd /GS /fp:precise /Zc:wchar_t /Zc:forScope /Fo"..\..\..\..\build\Win64\VC10\LIB Debug\lib\\" /Fd"..\..\..\..\build\Win64\VC10\LIB Debug\lib\vc100.pdb" /Gd /TC /errorReport:prompt ..\..\..\..\lib\amigaos.c "..\..\..\..\lib\asyn-ares.c" "..\..\..\..\lib\asyn-thread.c" ..\..\..\..\lib\base64.c ..\..\..\..\lib\conncache.c ..\..\..\..\lib\connect.c ..\..\..\..\lib\content_encoding.c ..\..\..\..\lib\cookie.c ..\..\..\..\lib\curl_addrinfo.c ..\..\..\..\lib\curl_des.c ..\..\..\..\lib\curl_endian.c ..\..\..\..\lib\curl_fnmatch.c ..\..\..\..\lib\curl_gethostname.c ..\..\..\..\lib\curl_gssapi.c ..\..\..\..\lib\curl_memrchr.c ..\..\..\..\lib\curl_multibyte.c ..\..\..\..\lib\curl_ntlm_core.c ..\..\..\..\lib\curl_ntlm_wb.c ..\..\..\..\lib\curl_rtmp.c ..\..\..\..\lib\curl_sasl.c ..\..\..\..\lib\curl_sspi.c ..\..\..\..\lib\curl_threads.c ..\..\..\..\lib\dict.c ..\..\..\..\lib\dotdot.c ..\..\..\..\lib\easy.c ..\..\..\..\lib\escape.c ..\..\..\..\lib\file.c ..\..\..\..\lib\fileinfo.c ..\..\..\..\lib\formdata.c ..\..\..\..\lib\ftp.c ..\..\..\..\lib\ftplistparser.c ..\..\..\..\lib\getenv.c ..\..\..\..\lib\getinfo.c ..\..\..\..\lib\gopher.c ..\..\..\..\lib\hash.c ..\..\..\..\lib\hmac.c ..\..\..\..\lib\hostasyn.c ..\..\..\..\lib\hostcheck.c ..\..\..\..\lib\hostip4.c ..\..\..\..\lib\hostip6.c ..\..\..\..\lib\hostip.c ..\..\..\..\lib\hostsyn.c ..\..\..\..\lib\http2.c ..\..\..\..\lib\http.c ..\..\..\..\lib\http_chunks.c ..\..\..\..\lib\http_digest.c ..\..\..\..\lib\http_negotiate.c ..\..\..\..\lib\http_ntlm.c ..\..\..\..\lib\http_proxy.c ..\..\..\..\lib\idn_win32.c ..\..\..\..\lib\if2ip.c ..\..\..\..\lib\imap.c ..\..\..\..\lib\inet_ntop.c ..\..\..\..\lib\inet_pton.c ..\..\..\..\lib\krb5.c ..\..\..\..\lib\ldap.c ..\..\..\..\lib\llist.c ..\..\..\..\lib\md4.c ..\..\..\..\lib\md5.c ..\..\..\..\lib\memdebug.c ..\..\..\..\lib\mprintf.c ..\..\..\..\lib\multi.c ..\..\..\..\lib\netrc.c "..\..\..\..\lib\non-ascii.c" ..\..\..\..\lib\nonblock.c ..\..\..\..\lib\openldap.c ..\..\..\..\lib\parsedate.c ..\..\..\..\lib\pingpong.c ..\..\..\..\lib\pipeline.c ..\..\..\..\lib\pop3.c ..\..\..\..\lib\progress.c ..\..\..\..\lib\rand.c ..\..\..\..\lib\rtsp.c ..\..\..\..\lib\security.c ..\..\..\..\lib\select.c ..\..\..\..\lib\sendf.c ..\..\..\..\lib\share.c ..\..\..\..\lib\slist.c ..\..\..\..\lib\smb.c ..\..\..\..\lib\smtp.c ..\..\..\..\lib\socks.c ..\..\..\..\lib\socks_gssapi.c ..\..\..\..\lib\socks_sspi.c ..\..\..\..\lib\speedcheck.c ..\..\..\..\lib\splay.c ..\..\..\..\lib\ssh.c ..\..\..\..\lib\strcase.c ..\..\..\..\lib\strdup.c ..\..\..\..\lib\strerror.c ..\..\..\..\lib\strtok.c ..\..\..\..\lib\strtoofft.c ..\..\..\..\lib\system_win32.c ..\..\..\..\lib\telnet.c ..\..\..\..\lib\tftp.c ..\..\..\..\lib\timeval.c ..\..\..\..\lib\transfer.c ..\..\..\..\lib\url.c ..\..\..\..\lib\version.c ..\..\..\..\lib\warnless.c ..\..\..\..\lib\wildcard.c ..\..\..\..\lib\x509asn1.c ..\..\..\..\lib\vauth\cleartext.c ..\..\..\..\lib\vauth\cram.c ..\..\..\..\lib\vauth\digest.c ..\..\..\..\lib\vauth\digest_sspi.c ..\..\..\..\lib\vauth\krb5_gssapi.c ..\..\..\..\lib\vauth\krb5_sspi.c ..\..\..\..\lib\vauth\ntlm.c ..\..\..\..\lib\vauth\ntlm_sspi.c ..\..\..\..\lib\vauth\oauth2.c ..\..\..\..\lib\vauth\spnego_gssapi.c ..\..\..\..\lib\vauth\spnego_sspi.c ..\..\..\..\lib\vauth\vauth.c ..\..\..\..\lib\vtls\axtls.c ..\..\..\..\lib\vtls\cyassl.c ..\..\..\..\lib\vtls\darwinssl.c ..\..\..\..\lib\vtls\gskit.c ..\..\..\..\lib\vtls\gtls.c ..\..\..\..\lib\vtls\mbedtls.c ..\..\..\..\lib\vtls\nss.c ..\..\..\..\lib\vtls\openssl.c ..\..\..\..\lib\vtls\polarssl.c ..\..\..\..\lib\vtls\polarssl_threadlock.c ..\..\..\..\lib\vtls\schannel.c ..\..\..\..\lib\vtls\vtls.c
         vtls.c
         schannel.c
         polarssl_threadlock.c
         polarssl.c
         openssl.c
         nss.c
         mbedtls.c
         gtls.c
         gskit.c
         darwinssl.c
         cyassl.c
         axtls.c
         vauth.c
         spnego_sspi.c
         spnego_gssapi.c
         oauth2.c
         ntlm_sspi.c
         ntlm.c
         krb5_sspi.c
         krb5_gssapi.c
         Generating Code...
         Compiling...
         digest_sspi.c
         digest.c
         cram.c
         cleartext.c
         x509asn1.c
         wildcard.c
         warnless.c
         version.c
         url.c
     1>..\..\..\..\lib\url.c(1045): warning C4127: 条件表达式是常量
     1>..\..\..\..\lib\url.c(2139): warning C4127: 条件表达式是常量
     1>..\..\..\..\lib\url.c(2171): warning C4127: 条件表达式是常量
     1>..\..\..\..\lib\url.c(3518): warning C4127: 条件表达式是常量
         transfer.c
         timeval.c
         tftp.c
         telnet.c
         system_win32.c
         strtoofft.c
         strtok.c
         strerror.c
         strdup.c
         strcase.c
         ssh.c
         Generating Code...
         Compiling...
         splay.c
         speedcheck.c
         socks_sspi.c
         socks_gssapi.c
         socks.c
         smtp.c
         smb.c
         slist.c
         share.c
         sendf.c
         select.c
     1>..\..\..\..\lib\select.c(270): warning C4127: 条件表达式是常量
     1>..\..\..\..\lib\select.c(271): warning C4127: 条件表达式是常量
     1>..\..\..\..\lib\select.c(276): warning C4127: 条件表达式是常量
     1>..\..\..\..\lib\select.c(277): warning C4127: 条件表达式是常量
     1>..\..\..\..\lib\select.c(285): warning C4127: 条件表达式是常量
     1>..\..\..\..\lib\select.c(286): warning C4127: 条件表达式是常量
     1>..\..\..\..\lib\select.c(484): warning C4127: 条件表达式是常量
     1>..\..\..\..\lib\select.c(486): warning C4127: 条件表达式是常量
     1>..\..\..\..\lib\select.c(488): warning C4127: 条件表达式是常量
         security.c
         rtsp.c
         rand.c
         progress.c
         pop3.c
         pipeline.c
         pingpong.c
     1>..\..\..\..\lib\pingpong.c(104): warning C4127: 条件表达式是常量
     1>..\..\..\..\lib\pingpong.c(109): warning C4127: 条件表达式是常量
         parsedate.c
         openldap.c
         Generating Code...
         Compiling...
         nonblock.c
         non-ascii.c
         netrc.c
         multi.c
     1>..\..\..\..\lib\multi.c(951): warning C4127: 条件表达式是常量
     1>..\..\..\..\lib\multi.c(952): warning C4127: 条件表达式是常量
     1>..\..\..\..\lib\multi.c(955): warning C4127: 条件表达式是常量
     1>..\..\..\..\lib\multi.c(956): warning C4127: 条件表达式是常量
         mprintf.c
         memdebug.c
         md5.c
         md4.c
         llist.c
         ldap.c
         krb5.c
         inet_pton.c
         inet_ntop.c
         imap.c
         if2ip.c
         idn_win32.c
         http_proxy.c
         http_ntlm.c
         http_negotiate.c
         http_digest.c
         Generating Code...
         Compiling...
         http_chunks.c
         http.c
         http2.c
         hostsyn.c
         hostip.c
         hostip6.c
         hostip4.c
         hostcheck.c
         hostasyn.c
         hmac.c
         hash.c
         gopher.c
         getinfo.c
         getenv.c
         ftplistparser.c
         ftp.c
         formdata.c
         fileinfo.c
         file.c
         escape.c
         Generating Code...
         Compiling...
         easy.c
     1>..\..\..\..\lib\easy.c(218): warning C4127: 条件表达式是常量
         dotdot.c
         dict.c
         curl_threads.c
     1>..\..\..\..\lib\curl_threads.c(112): warning C4306: “类型转换”: 从“long”转换到更大的“HANDLE”
         curl_sspi.c
         curl_sasl.c
         curl_rtmp.c
         curl_ntlm_wb.c
         curl_ntlm_core.c
         curl_multibyte.c
         curl_memrchr.c
         curl_gssapi.c
         curl_gethostname.c
         curl_fnmatch.c
         curl_endian.c
         curl_des.c
         curl_addrinfo.c
         cookie.c
     1>..\..\..\..\lib\cookie.c(921): warning C4127: 条件表达式是常量
     1>..\..\..\..\lib\cookie.c(1077): warning C4127: 条件表达式是常量
     1>..\..\..\..\lib\cookie.c(1078): warning C4127: 条件表达式是常量
     1>..\..\..\..\lib\cookie.c(1079): warning C4127: 条件表达式是常量
     1>..\..\..\..\lib\cookie.c(1080): warning C4127: 条件表达式是常量
     1>..\..\..\..\lib\cookie.c(1081): warning C4127: 条件表达式是常量
     1>..\..\..\..\lib\cookie.c(1082): warning C4127: 条件表达式是常量
     1>..\..\..\..\lib\cookie.c(1083): warning C4127: 条件表达式是常量
     1>..\..\..\..\lib\cookie.c(1084): warning C4127: 条件表达式是常量
         content_encoding.c
         connect.c
     1>..\..\..\..\lib\connect.c(1265): warning C4127: 条件表达式是常量
     1>..\..\..\..\lib\connect.c(1414): warning C4127: 条件表达式是常量
         Generating Code...
         Compiling...
         conncache.c
         base64.c
         asyn-thread.c
         asyn-ares.c
         amigaos.c
         Generating Code...
       ResourceCompile:
         C:\Program Files (x86)\Microsoft SDKs\Windows\v7.0A\bin\rc.exe /D _DEBUG /l"0x0409" /nologo /fo"..\..\..\..\build\Win64\VC10\LIB Debug\lib\libcurl.res" ..\..\..\..\lib\libcurl.rc 
       Lib:
         C:\Program Files (x86)\Microsoft Visual Studio 10.0\VC\bin\x86_amd64\Lib.exe /OUT:"..\..\..\..\build\Win64\VC10\LIB Debug\libcurld.lib" /NOLOGO /MACHINE:X64 "..\..\..\..\build\Win64\VC10\LIB Debug\lib\libcurl.res"
         "..\..\..\..\build\Win64\VC10\LIB Debug\lib\amigaos.obj"
         "..\..\..\..\build\Win64\VC10\LIB Debug\lib\asyn-ares.obj"
         "..\..\..\..\build\Win64\VC10\LIB Debug\lib\asyn-thread.obj"
         "..\..\..\..\build\Win64\VC10\LIB Debug\lib\base64.obj"
         "..\..\..\..\build\Win64\VC10\LIB Debug\lib\conncache.obj"
         "..\..\..\..\build\Win64\VC10\LIB Debug\lib\connect.obj"
         "..\..\..\..\build\Win64\VC10\LIB Debug\lib\content_encoding.obj"
         "..\..\..\..\build\Win64\VC10\LIB Debug\lib\cookie.obj"
         "..\..\..\..\build\Win64\VC10\LIB Debug\lib\curl_addrinfo.obj"
         "..\..\..\..\build\Win64\VC10\LIB Debug\lib\curl_des.obj"
         "..\..\..\..\build\Win64\VC10\LIB Debug\lib\curl_endian.obj"
         "..\..\..\..\build\Win64\VC10\LIB Debug\lib\curl_fnmatch.obj"
         "..\..\..\..\build\Win64\VC10\LIB Debug\lib\curl_gethostname.obj"
         "..\..\..\..\build\Win64\VC10\LIB Debug\lib\curl_gssapi.obj"
         "..\..\..\..\build\Win64\VC10\LIB Debug\lib\curl_memrchr.obj"
         "..\..\..\..\build\Win64\VC10\LIB Debug\lib\curl_multibyte.obj"
         "..\..\..\..\build\Win64\VC10\LIB Debug\lib\curl_ntlm_core.obj"
         "..\..\..\..\build\Win64\VC10\LIB Debug\lib\curl_ntlm_wb.obj"
         "..\..\..\..\build\Win64\VC10\LIB Debug\lib\curl_rtmp.obj"
         "..\..\..\..\build\Win64\VC10\LIB Debug\lib\curl_sasl.obj"
         "..\..\..\..\build\Win64\VC10\LIB Debug\lib\curl_sspi.obj"
         "..\..\..\..\build\Win64\VC10\LIB Debug\lib\curl_threads.obj"
         "..\..\..\..\build\Win64\VC10\LIB Debug\lib\dict.obj"
         "..\..\..\..\build\Win64\VC10\LIB Debug\lib\dotdot.obj"
         "..\..\..\..\build\Win64\VC10\LIB Debug\lib\easy.obj"
         "..\..\..\..\build\Win64\VC10\LIB Debug\lib\escape.obj"
         "..\..\..\..\build\Win64\VC10\LIB Debug\lib\file.obj"
         "..\..\..\..\build\Win64\VC10\LIB Debug\lib\fileinfo.obj"
         "..\..\..\..\build\Win64\VC10\LIB Debug\lib\formdata.obj"
         "..\..\..\..\build\Win64\VC10\LIB Debug\lib\ftp.obj"
         "..\..\..\..\build\Win64\VC10\LIB Debug\lib\ftplistparser.obj"
         "..\..\..\..\build\Win64\VC10\LIB Debug\lib\getenv.obj"
         "..\..\..\..\build\Win64\VC10\LIB Debug\lib\getinfo.obj"
         "..\..\..\..\build\Win64\VC10\LIB Debug\lib\gopher.obj"
         "..\..\..\..\build\Win64\VC10\LIB Debug\lib\hash.obj"
         "..\..\..\..\build\Win64\VC10\LIB Debug\lib\hmac.obj"
         "..\..\..\..\build\Win64\VC10\LIB Debug\lib\hostasyn.obj"
         "..\..\..\..\build\Win64\VC10\LIB Debug\lib\hostcheck.obj"
         "..\..\..\..\build\Win64\VC10\LIB Debug\lib\hostip4.obj"
         "..\..\..\..\build\Win64\VC10\LIB Debug\lib\hostip6.obj"
         "..\..\..\..\build\Win64\VC10\LIB Debug\lib\hostip.obj"
         "..\..\..\..\build\Win64\VC10\LIB Debug\lib\hostsyn.obj"
         "..\..\..\..\build\Win64\VC10\LIB Debug\lib\http2.obj"
         "..\..\..\..\build\Win64\VC10\LIB Debug\lib\http.obj"
         "..\..\..\..\build\Win64\VC10\LIB Debug\lib\http_chunks.obj"
         "..\..\..\..\build\Win64\VC10\LIB Debug\lib\http_digest.obj"
         "..\..\..\..\build\Win64\VC10\LIB Debug\lib\http_negotiate.obj"
         "..\..\..\..\build\Win64\VC10\LIB Debug\lib\http_ntlm.obj"
         "..\..\..\..\build\Win64\VC10\LIB Debug\lib\http_proxy.obj"
         "..\..\..\..\build\Win64\VC10\LIB Debug\lib\idn_win32.obj"
         "..\..\..\..\build\Win64\VC10\LIB Debug\lib\if2ip.obj"
         "..\..\..\..\build\Win64\VC10\LIB Debug\lib\imap.obj"
         "..\..\..\..\build\Win64\VC10\LIB Debug\lib\inet_ntop.obj"
         "..\..\..\..\build\Win64\VC10\LIB Debug\lib\inet_pton.obj"
         "..\..\..\..\build\Win64\VC10\LIB Debug\lib\krb5.obj"
         "..\..\..\..\build\Win64\VC10\LIB Debug\lib\ldap.obj"
         "..\..\..\..\build\Win64\VC10\LIB Debug\lib\llist.obj"
         "..\..\..\..\build\Win64\VC10\LIB Debug\lib\md4.obj"
         "..\..\..\..\build\Win64\VC10\LIB Debug\lib\md5.obj"
         "..\..\..\..\build\Win64\VC10\LIB Debug\lib\memdebug.obj"
         "..\..\..\..\build\Win64\VC10\LIB Debug\lib\mprintf.obj"
         "..\..\..\..\build\Win64\VC10\LIB Debug\lib\multi.obj"
         "..\..\..\..\build\Win64\VC10\LIB Debug\lib\netrc.obj"
         "..\..\..\..\build\Win64\VC10\LIB Debug\lib\non-ascii.obj"
         "..\..\..\..\build\Win64\VC10\LIB Debug\lib\nonblock.obj"
         "..\..\..\..\build\Win64\VC10\LIB Debug\lib\openldap.obj"
         "..\..\..\..\build\Win64\VC10\LIB Debug\lib\parsedate.obj"
         "..\..\..\..\build\Win64\VC10\LIB Debug\lib\pingpong.obj"
         "..\..\..\..\build\Win64\VC10\LIB Debug\lib\pipeline.obj"
         "..\..\..\..\build\Win64\VC10\LIB Debug\lib\pop3.obj"
         "..\..\..\..\build\Win64\VC10\LIB Debug\lib\progress.obj"
         "..\..\..\..\build\Win64\VC10\LIB Debug\lib\rand.obj"
         "..\..\..\..\build\Win64\VC10\LIB Debug\lib\rtsp.obj"
         "..\..\..\..\build\Win64\VC10\LIB Debug\lib\security.obj"
         "..\..\..\..\build\Win64\VC10\LIB Debug\lib\select.obj"
         "..\..\..\..\build\Win64\VC10\LIB Debug\lib\sendf.obj"
         "..\..\..\..\build\Win64\VC10\LIB Debug\lib\share.obj"
         "..\..\..\..\build\Win64\VC10\LIB Debug\lib\slist.obj"
         "..\..\..\..\build\Win64\VC10\LIB Debug\lib\smb.obj"
         "..\..\..\..\build\Win64\VC10\LIB Debug\lib\smtp.obj"
         "..\..\..\..\build\Win64\VC10\LIB Debug\lib\socks.obj"
         "..\..\..\..\build\Win64\VC10\LIB Debug\lib\socks_gssapi.obj"
         "..\..\..\..\build\Win64\VC10\LIB Debug\lib\socks_sspi.obj"
         "..\..\..\..\build\Win64\VC10\LIB Debug\lib\speedcheck.obj"
         "..\..\..\..\build\Win64\VC10\LIB Debug\lib\splay.obj"
         "..\..\..\..\build\Win64\VC10\LIB Debug\lib\ssh.obj"
         "..\..\..\..\build\Win64\VC10\LIB Debug\lib\strcase.obj"
         "..\..\..\..\build\Win64\VC10\LIB Debug\lib\strdup.obj"
         "..\..\..\..\build\Win64\VC10\LIB Debug\lib\strerror.obj"
         "..\..\..\..\build\Win64\VC10\LIB Debug\lib\strtok.obj"
         "..\..\..\..\build\Win64\VC10\LIB Debug\lib\strtoofft.obj"
         "..\..\..\..\build\Win64\VC10\LIB Debug\lib\system_win32.obj"
         "..\..\..\..\build\Win64\VC10\LIB Debug\lib\telnet.obj"
         "..\..\..\..\build\Win64\VC10\LIB Debug\lib\tftp.obj"
         "..\..\..\..\build\Win64\VC10\LIB Debug\lib\timeval.obj"
         "..\..\..\..\build\Win64\VC10\LIB Debug\lib\transfer.obj"
         "..\..\..\..\build\Win64\VC10\LIB Debug\lib\url.obj"
         "..\..\..\..\build\Win64\VC10\LIB Debug\lib\version.obj"
         "..\..\..\..\build\Win64\VC10\LIB Debug\lib\warnless.obj"
         "..\..\..\..\build\Win64\VC10\LIB Debug\lib\wildcard.obj"
         "..\..\..\..\build\Win64\VC10\LIB Debug\lib\x509asn1.obj"
         "..\..\..\..\build\Win64\VC10\LIB Debug\lib\cleartext.obj"
         "..\..\..\..\build\Win64\VC10\LIB Debug\lib\cram.obj"
         "..\..\..\..\build\Win64\VC10\LIB Debug\lib\digest.obj"
         "..\..\..\..\build\Win64\VC10\LIB Debug\lib\digest_sspi.obj"
         "..\..\..\..\build\Win64\VC10\LIB Debug\lib\krb5_gssapi.obj"
         "..\..\..\..\build\Win64\VC10\LIB Debug\lib\krb5_sspi.obj"
         "..\..\..\..\build\Win64\VC10\LIB Debug\lib\ntlm.obj"
         "..\..\..\..\build\Win64\VC10\LIB Debug\lib\ntlm_sspi.obj"
         "..\..\..\..\build\Win64\VC10\LIB Debug\lib\oauth2.obj"
         "..\..\..\..\build\Win64\VC10\LIB Debug\lib\spnego_gssapi.obj"
         "..\..\..\..\build\Win64\VC10\LIB Debug\lib\spnego_sspi.obj"
         "..\..\..\..\build\Win64\VC10\LIB Debug\lib\vauth.obj"
         "..\..\..\..\build\Win64\VC10\LIB Debug\lib\axtls.obj"
         "..\..\..\..\build\Win64\VC10\LIB Debug\lib\cyassl.obj"
         "..\..\..\..\build\Win64\VC10\LIB Debug\lib\darwinssl.obj"
         "..\..\..\..\build\Win64\VC10\LIB Debug\lib\gskit.obj"
         "..\..\..\..\build\Win64\VC10\LIB Debug\lib\gtls.obj"
         "..\..\..\..\build\Win64\VC10\LIB Debug\lib\mbedtls.obj"
         "..\..\..\..\build\Win64\VC10\LIB Debug\lib\nss.obj"
         "..\..\..\..\build\Win64\VC10\LIB Debug\lib\openssl.obj"
         "..\..\..\..\build\Win64\VC10\LIB Debug\lib\polarssl.obj"
         "..\..\..\..\build\Win64\VC10\LIB Debug\lib\polarssl_threadlock.obj"
         "..\..\..\..\build\Win64\VC10\LIB Debug\lib\schannel.obj"
         "..\..\..\..\build\Win64\VC10\LIB Debug\lib\vtls.obj"
         libcurl.vcxproj -> D:\My\NiceServer\Server\curl-7.53.1\projects\Windows\VC10\lib\..\..\..\..\build\Win64\VC10\LIB Debug\libcurld.lib
       FinalizeBuildStatus:
         正在删除文件“..\..\..\..\build\Win64\VC10\LIB Debug\lib\libcurl.unsuccessfulbuild”。
         正在对“..\..\..\..\build\Win64\VC10\LIB Debug\lib\libcurl.lastbuildstate”执行 Touch 任务。
     1>已完成生成项目“D:\My\NiceServer\Server\curl-7.53.1\projects\Windows\VC10\lib\libcurl.vcxproj”(build 个目标)的操作。

生成成功。

已用时间 00:00:54.74
